=== Historic Weather Data Error Log Started: 2025/08/29 12:39:29 ===
=== Historic Weather Data Error Log Started: 2025/08/29 12:39:29 ===
[2025-08-29 12:39:46] [ERROR] NominatimReverseGeocoding API Error Response:
<html>
<head>
<title>Access blocked</title>
</head>
<body>
<h1>Access blocked</h1>

<p>You have been blocked because you have violated the
<a href="https://operations.osmfoundation.org/policies/nominatim/">usage policy</a>
of OSM's Nominatim geocoding service. Please be aware that OSM's resources are
limited and shared between many users. The usage policy is there to ensure that
the service remains usable for everybody.</p>

<p>Please review the terms and make sure that your
software adheres to the terms. You should in particular verify that you have set a
<b>custom HTTP referrer or HTTP user agent</b> that identifies your application, and
that you are not overusing the service with massive bulk requests.</p>

<p>If you feel that this block is unjustified or remains after you have adopted
your usage, you may contact the Nominatim system administrator at
nominatim@openstreetmap.org to have this block lifted.</p>
</body>
</head>

[2025-08-29 12:39:46] [ERROR] Nominatim API returned Forbidden: <html>
<head>
<title>Access blocked</title>
</head>
<body>
<h1>Access blocked</h1>

<p>You have been blocked because you have violated the
<a href="https://operations.osmfoundation.org/policies/nominatim/">usage policy</a>
of OSM's Nominatim geocoding service. Please be aware that OSM's resources are
limited and shared between many users. The usage policy is there to ensure that
the service remains usable for everybody.</p>

<p>Please review the terms and make sure that your
software adheres to the terms. You should in particular verify that you have set a
<b>custom HTTP referrer or HTTP user agent</b> that identifies your application, and
that you are not overusing the service with massive bulk requests.</p>

<p>If you feel that this block is unjustified or remains after you have adopted
your usage, you may contact the Nominatim system administrator at
nominatim@openstreetmap.org to have this block lifted.</p>
</body>
</head>

[2025-08-29 12:39:46] [WARNING] Using fallback location data for 40,7128, -74,0060. Reason: Nominatim API error
[2025-08-29 12:39:47] [ERROR] OpenMeteo-Year2024 API Error Response:
{"reason":"Latitude must be in range of -90 to 90°. Given: 7128.0.","error":true}
[2025-08-29 12:39:47] [ERROR] OpenMeteo API returned 400 for year 2024: {"reason":"Latitude must be in range of -90 to 90°. Given: 7128.0.","error":true}
[2025-08-29 12:39:47] [WARNING] Year 2024: No data returned
[2025-08-29 12:39:47] [ERROR] OpenMeteo-Year2025 API Error Response:
{"error":true,"reason":"Latitude must be in range of -90 to 90°. Given: 7128.0."}
[2025-08-29 12:39:47] [ERROR] OpenMeteo API returned 400 for year 2025: {"error":true,"reason":"Latitude must be in range of -90 to 90°. Given: 7128.0."}
[2025-08-29 12:39:47] [WARNING] Year 2025: No data returned
[2025-08-29 12:39:52] [ERROR] NominatimReverseGeocoding API Error Response:
<html>
<head>
<title>Access blocked</title>
</head>
<body>
<h1>Access blocked</h1>

<p>You have been blocked because you have violated the
<a href="https://operations.osmfoundation.org/policies/nominatim/">usage policy</a>
of OSM's Nominatim geocoding service. Please be aware that OSM's resources are
limited and shared between many users. The usage policy is there to ensure that
the service remains usable for everybody.</p>

<p>Please review the terms and make sure that your
software adheres to the terms. You should in particular verify that you have set a
<b>custom HTTP referrer or HTTP user agent</b> that identifies your application, and
that you are not overusing the service with massive bulk requests.</p>

<p>If you feel that this block is unjustified or remains after you have adopted
your usage, you may contact the Nominatim system administrator at
nominatim@openstreetmap.org to have this block lifted.</p>
</body>
</head>

[2025-08-29 12:39:52] [ERROR] Nominatim API returned Forbidden: <html>
<head>
<title>Access blocked</title>
</head>
<body>
<h1>Access blocked</h1>

<p>You have been blocked because you have violated the
<a href="https://operations.osmfoundation.org/policies/nominatim/">usage policy</a>
of OSM's Nominatim geocoding service. Please be aware that OSM's resources are
limited and shared between many users. The usage policy is there to ensure that
the service remains usable for everybody.</p>

<p>Please review the terms and make sure that your
software adheres to the terms. You should in particular verify that you have set a
<b>custom HTTP referrer or HTTP user agent</b> that identifies your application, and
that you are not overusing the service with massive bulk requests.</p>

<p>If you feel that this block is unjustified or remains after you have adopted
your usage, you may contact the Nominatim system administrator at
nominatim@openstreetmap.org to have this block lifted.</p>
</body>
</head>

[2025-08-29 12:39:52] [WARNING] Using fallback location data for 40,7128, -74,0060. Reason: Nominatim API error
[2025-08-29 12:39:52] [ERROR] OpenMeteo-Year2024 API Error Response:
{"reason":"Latitude must be in range of -90 to 90°. Given: 7128.0.","error":true}
[2025-08-29 12:39:52] [ERROR] OpenMeteo API returned 400 for year 2024: {"reason":"Latitude must be in range of -90 to 90°. Given: 7128.0.","error":true}
[2025-08-29 12:39:52] [WARNING] Year 2024: No data returned
[2025-08-29 12:39:53] [ERROR] OpenMeteo-Year2025 API Error Response:
{"error":true,"reason":"Latitude must be in range of -90 to 90°. Given: 7128.0."}
[2025-08-29 12:39:53] [ERROR] OpenMeteo API returned 400 for year 2025: {"error":true,"reason":"Latitude must be in range of -90 to 90°. Given: 7128.0."}
[2025-08-29 12:39:53] [WARNING] Year 2025: No data returned
=== Historic Weather Data Error Log Started: 2025/08/29 12:47:24 ===
=== Historic Weather Data Error Log Started: 2025/08/29 12:47:24 ===
[2025-08-29 12:47:33] [ERROR] NominatimReverseGeocoding API Error Response:
{"error":{"code":400,"message":"Parameter 'lon' must be a number."}}
[2025-08-29 12:47:33] [ERROR] Nominatim API returned BadRequest: {"error":{"code":400,"message":"Parameter 'lon' must be a number."}}
[2025-08-29 12:47:33] [WARNING] Using fallback location data for 40,7128, -74,0060. Reason: Nominatim API error
[2025-08-29 12:47:59] [ERROR] NominatimReverseGeocoding API Error Response:
{"error":{"code":400,"message":"Parameter 'lon' must be a number."}}
[2025-08-29 12:47:59] [ERROR] Nominatim API returned BadRequest: {"error":{"code":400,"message":"Parameter 'lon' must be a number."}}
[2025-08-29 12:47:59] [WARNING] Using fallback location data for 40,7128, -74,0060. Reason: Nominatim API error
=== Historic Weather Data Error Log Started: 2025/08/29 13:10:01 ===
=== Historic Weather Data Error Log Started: 2025/08/29 13:10:01 ===
[2025-08-29 13:10:36] [ERROR] NominatimReverseGeocoding API Error Response:
{"error":{"code":400,"message":"Parameter 'lon' must be a number."}}
[2025-08-29 13:10:36] [ERROR] Nominatim API returned BadRequest: {"error":{"code":400,"message":"Parameter 'lon' must be a number."}}
[2025-08-29 13:10:36] [WARNING] Using fallback location data for 40,7128, -74,0060. Reason: Nominatim API error
=== Historic Weather Data Error Log Started: 2025/08/29 13:11:52 ===
=== Historic Weather Data Error Log Started: 2025/08/29 13:11:52 ===
[2025-08-29 15:06:48] [ERROR] NominatimReverseGeocoding API Error Response:
{"error":{"code":400,"message":"Parameter 'lon' must be a number."}}
[2025-08-29 15:06:48] [ERROR] Nominatim API returned BadRequest: {"error":{"code":400,"message":"Parameter 'lon' must be a number."}}
[2025-08-29 15:06:48] [WARNING] Using fallback location data for 40,7128, -74,0060. Reason: Nominatim API error
=== Historic Weather Data Error Log Started: 2025/08/29 15:08:58 ===
=== Historic Weather Data Error Log Started: 2025/08/29 15:08:58 ===
[2025-08-29 15:09:09] [ERROR] NominatimReverseGeocoding API Error Response:
{"error":{"code":400,"message":"Parameter 'lon' must be a number."}}
[2025-08-29 15:09:09] [ERROR] Nominatim API returned BadRequest: {"error":{"code":400,"message":"Parameter 'lon' must be a number."}}
[2025-08-29 15:09:09] [WARNING] Using fallback location data for 40,7128, -74,0060. Reason: Nominatim API error
[2025-08-29 15:09:35] [ERROR] NominatimReverseGeocoding API Error Response:
{"error":{"code":400,"message":"Parameter 'lon' must be a number."}}
[2025-08-29 15:09:35] [ERROR] Nominatim API returned BadRequest: {"error":{"code":400,"message":"Parameter 'lon' must be a number."}}
[2025-08-29 15:09:35] [WARNING] Using fallback location data for 40,7128, -74,0060. Reason: Nominatim API error
[2025-08-29 15:09:36] [ERROR] Unexpected error processing year 2025
Exception: JsonException: The JSON value could not be converted to System.Double. Path: $.daily.temperature_2m_max[12] | LineNumber: 0 | BytePositionInLine: 601.
Stack Trace:    at System.Text.Json.ThrowHelper.ReThrowWithPath(ReadStack& state, Utf8JsonReader& reader, Exception ex)
   at System.Text.Json.Serialization.JsonConverter`1.ReadCore(Utf8JsonReader& reader, JsonSerializerOptions options, ReadStack& state)
   at System.Text.Json.Serialization.Metadata.JsonTypeInfo`1.ContinueDeserialize(ReadBufferState& bufferState, JsonReaderState& jsonReaderState, ReadStack& readStack)
   at System.Text.Json.Serialization.Metadata.JsonTypeInfo`1.DeserializeAsync(Stream utf8Json, CancellationToken cancellationToken)
   at System.Net.Http.Json.HttpContentJsonExtensions.ReadFromJsonAsyncCore[T](HttpContent content, JsonSerializerOptions options, CancellationToken cancellationToken)
   at HistoricWeatherData.Core.Services.Implementations.OpenMeteoWeatherService.GetWeatherDataForYearAsync(Double latitude, Double longitude, DateTime startDate, DateTime endDate, Int32 year, LocationData locationData) in C:\Users\User\source\repos\deanable\Historic Weather Data\HistoricWeatherData.Core\Services\Implementations\OpenMeteoWeatherService.cs:line 179
[2025-08-29 15:09:36] [WARNING] Year 2025: No data returned
=== Historic Weather Data Error Log Started: 2025/08/29 19:31:14 ===
=== Historic Weather Data Error Log Started: 2025/08/29 19:31:14 ===
[2025-08-29 19:32:28] [ERROR] NominatimReverseGeocoding API Error Response:
{"error":{"code":400,"message":"Parameter 'lon' must be a number."}}
[2025-08-29 19:32:28] [ERROR] Nominatim API returned BadRequest: {"error":{"code":400,"message":"Parameter 'lon' must be a number."}}
[2025-08-29 19:32:28] [WARNING] Using fallback location data for 40,7128, -74,0060. Reason: Nominatim API error
[2025-08-29 19:34:08] [ERROR] Unexpected error processing year 2024
Exception: TaskCanceledException: The request was canceled due to the configured HttpClient.Timeout of 100 seconds elapsing.
Stack Trace:    at System.Net.Http.HttpClient.HandleFailure(Exception e, Boolean telemetryStarted, HttpResponseMessage response, CancellationTokenSource cts, CancellationToken cancellationToken, CancellationTokenSource pendingRequestsCts)
   at System.Net.Http.HttpClient.<SendAsync>g__Core|83_0(HttpRequestMessage request, HttpCompletionOption completionOption, CancellationTokenSource cts, Boolean disposeCts, CancellationTokenSource pendingRequestsCts, CancellationToken originalCancellationToken)
   at HistoricWeatherData.Core.Services.Implementations.OpenMeteoWeatherService.GetWeatherDataForYearAsync(Double latitude, Double longitude, DateTime startDate, DateTime endDate, Int32 year, LocationData locationData) in C:\Users\Dean Kruger\source\repos\deanable\Historic Weather Data\HistoricWeatherData.Core\Services\Implementations\OpenMeteoWeatherService.cs:line 161
[2025-08-29 19:34:08] [WARNING] Year 2024: No data returned
[2025-08-29 19:35:48] [ERROR] Unexpected error processing year 2025
Exception: TaskCanceledException: The request was canceled due to the configured HttpClient.Timeout of 100 seconds elapsing.
Stack Trace:    at System.Net.Http.HttpClient.HandleFailure(Exception e, Boolean telemetryStarted, HttpResponseMessage response, CancellationTokenSource cts, CancellationToken cancellationToken, CancellationTokenSource pendingRequestsCts)
   at System.Net.Http.HttpClient.<SendAsync>g__Core|83_0(HttpRequestMessage request, HttpCompletionOption completionOption, CancellationTokenSource cts, Boolean disposeCts, CancellationTokenSource pendingRequestsCts, CancellationToken originalCancellationToken)
   at HistoricWeatherData.Core.Services.Implementations.OpenMeteoWeatherService.GetWeatherDataForYearAsync(Double latitude, Double longitude, DateTime startDate, DateTime endDate, Int32 year, LocationData locationData) in C:\Users\Dean Kruger\source\repos\deanable\Historic Weather Data\HistoricWeatherData.Core\Services\Implementations\OpenMeteoWeatherService.cs:line 161
[2025-08-29 19:35:48] [WARNING] Year 2025: No data returned
=== Historic Weather Data Error Log Started: 2025/08/31 02:16:25 ===
=== Historic Weather Data Error Log Started: 2025/08/31 02:16:25 ===
[2025-08-31 02:16:50] [ERROR] NominatimReverseGeocoding API Error Response:
{"error":{"code":400,"message":"Parameter 'lon' must be a number."}}
[2025-08-31 02:16:50] [ERROR] Nominatim API returned BadRequest: {"error":{"code":400,"message":"Parameter 'lon' must be a number."}}
[2025-08-31 02:16:50] [WARNING] Using fallback location data for 40,7128, -74,0060. Reason: Nominatim API error
[2025-08-31 02:18:30] [ERROR] Unexpected error processing year 2024
Exception: TaskCanceledException: The request was canceled due to the configured HttpClient.Timeout of 100 seconds elapsing.
Stack Trace:    at System.Net.Http.HttpClient.HandleFailure(Exception e, Boolean telemetryStarted, HttpResponseMessage response, CancellationTokenSource cts, CancellationToken cancellationToken, CancellationTokenSource pendingRequestsCts)
   at System.Net.Http.HttpClient.<SendAsync>g__Core|83_0(HttpRequestMessage request, HttpCompletionOption completionOption, CancellationTokenSource cts, Boolean disposeCts, CancellationTokenSource pendingRequestsCts, CancellationToken originalCancellationToken)
   at HistoricWeatherData.Core.Services.Implementations.OpenMeteoWeatherService.GetWeatherDataForYearAsync(Double latitude, Double longitude, DateTime startDate, DateTime endDate, Int32 year, LocationData locationData) in c:\Users\Dean Kruger\source\repos\deanable\Historic Weather Data\HistoricWeatherData.Core\Services\Implementations\OpenMeteoWeatherService.cs:line 161
[2025-08-31 02:18:30] [WARNING] Year 2024: No data returned
[2025-08-31 02:20:10] [ERROR] Unexpected error processing year 2025
Exception: TaskCanceledException: The request was canceled due to the configured HttpClient.Timeout of 100 seconds elapsing.
Stack Trace:    at System.Net.Http.HttpClient.HandleFailure(Exception e, Boolean telemetryStarted, HttpResponseMessage response, CancellationTokenSource cts, CancellationToken cancellationToken, CancellationTokenSource pendingRequestsCts)
   at System.Net.Http.HttpClient.<SendAsync>g__Core|83_0(HttpRequestMessage request, HttpCompletionOption completionOption, CancellationTokenSource cts, Boolean disposeCts, CancellationTokenSource pendingRequestsCts, CancellationToken originalCancellationToken)
   at HistoricWeatherData.Core.Services.Implementations.OpenMeteoWeatherService.GetWeatherDataForYearAsync(Double latitude, Double longitude, DateTime startDate, DateTime endDate, Int32 year, LocationData locationData) in c:\Users\Dean Kruger\source\repos\deanable\Historic Weather Data\HistoricWeatherData.Core\Services\Implementations\OpenMeteoWeatherService.cs:line 161
[2025-08-31 02:20:10] [WARNING] Year 2025: No data returned
[2025-08-31 02:20:28] [ERROR] NominatimReverseGeocoding API Error Response:
{"error":{"code":400,"message":"Parameter 'lon' must be a number."}}
[2025-08-31 02:20:28] [ERROR] Nominatim API returned BadRequest: {"error":{"code":400,"message":"Parameter 'lon' must be a number."}}
[2025-08-31 02:20:28] [WARNING] Using fallback location data for 40,7128, -74,0060. Reason: Nominatim API error
=== Historic Weather Data Error Log Started: 2025/08/31 02:48:57 ===
=== Historic Weather Data Error Log Started: 2025/08/31 02:48:57 ===
=== Historic Weather Data Error Log Started: 2025/08/31 02:56:15 ===
=== Historic Weather Data Error Log Started: 2025/08/31 02:56:15 ===
=== Historic Weather Data Error Log Started: 2025/08/31 03:02:57 ===
=== Historic Weather Data Error Log Started: 2025/08/31 03:02:57 ===
=== Historic Weather Data Error Log Started: 2025/08/31 03:19:26 ===
=== Historic Weather Data Error Log Started: 2025/08/31 03:19:26 ===
=== Historic Weather Data Error Log Started: 2025/08/31 03:24:04 ===
=== Historic Weather Data Error Log Started: 2025/08/31 03:24:04 ===
[2025-08-31 03:24:54] [ERROR] NominatimReverseGeocoding API Error Response:
{"error":{"code":400,"message":"Parameter 'lon' must be a number."}}
[2025-08-31 03:24:54] [ERROR] Nominatim API returned BadRequest: {"error":{"code":400,"message":"Parameter 'lon' must be a number."}}
[2025-08-31 03:24:54] [WARNING] Using fallback location data for 40,7128, -74,0060. Reason: Nominatim API error
[2025-08-31 03:26:34] [ERROR] Unexpected error processing year 2024
Exception: TaskCanceledException: The request was canceled due to the configured HttpClient.Timeout of 100 seconds elapsing.
Stack Trace:    at System.Net.Http.HttpClient.HandleFailure(Exception e, Boolean telemetryStarted, HttpResponseMessage response, CancellationTokenSource cts, CancellationToken cancellationToken, CancellationTokenSource pendingRequestsCts)
   at System.Net.Http.HttpClient.<SendAsync>g__Core|83_0(HttpRequestMessage request, HttpCompletionOption completionOption, CancellationTokenSource cts, Boolean disposeCts, CancellationTokenSource pendingRequestsCts, CancellationToken originalCancellationToken)
   at HistoricWeatherData.Core.Services.Implementations.OpenMeteoWeatherService.GetWeatherDataForYearAsync(Double latitude, Double longitude, DateTime startDate, DateTime endDate, Int32 year, LocationData locationData) in C:\Users\Dean Kruger\source\repos\deanable\Historic Weather Data\HistoricWeatherData.Core\Services\Implementations\OpenMeteoWeatherService.cs:line 161
[2025-08-31 03:26:34] [WARNING] Year 2024: No data returned
=== Historic Weather Data Error Log Started: 2025/08/31 13:24:54 ===
=== Historic Weather Data Error Log Started: 2025/08/31 13:24:54 ===
[2025-08-31 13:25:41] [ERROR] NominatimReverseGeocoding API Error Response:
{"error":{"code":400,"message":"Parameter 'lon' must be a number."}}
[2025-08-31 13:25:41] [ERROR] Nominatim API returned BadRequest: {"error":{"code":400,"message":"Parameter 'lon' must be a number."}}
[2025-08-31 13:25:41] [WARNING] Using fallback location data for 40,7128, -74,0060. Reason: Nominatim API error
[2025-08-31 13:27:21] [ERROR] Unexpected error processing year 2024
Exception: TaskCanceledException: The request was canceled due to the configured HttpClient.Timeout of 100 seconds elapsing.
Stack Trace:    at System.Net.Http.HttpClient.HandleFailure(Exception e, Boolean telemetryStarted, HttpResponseMessage response, CancellationTokenSource cts, CancellationToken cancellationToken, CancellationTokenSource pendingRequestsCts)
   at System.Net.Http.HttpClient.<SendAsync>g__Core|83_0(HttpRequestMessage request, HttpCompletionOption completionOption, CancellationTokenSource cts, Boolean disposeCts, CancellationTokenSource pendingRequestsCts, CancellationToken originalCancellationToken)
   at HistoricWeatherData.Core.Services.Implementations.OpenMeteoWeatherService.GetWeatherDataForYearAsync(Double latitude, Double longitude, DateTime startDate, DateTime endDate, Int32 year, LocationData locationData) in C:\Users\Dean Kruger\source\repos\deanable\Historic Weather Data\HistoricWeatherData.Core\Services\Implementations\OpenMeteoWeatherService.cs:line 161
[2025-08-31 13:27:21] [WARNING] Year 2024: No data returned
[2025-08-31 13:27:21] [WARNING] Year 2025: No data returned
=== Historic Weather Data Error Log Started: 2025/08/31 13:29:04 ===
=== Historic Weather Data Error Log Started: 2025/08/31 13:29:04 ===
[2025-08-31 13:29:22] [ERROR] NominatimReverseGeocoding API Error Response:
{"error":{"code":400,"message":"Parameter 'lon' must be a number."}}
[2025-08-31 13:29:22] [ERROR] Nominatim API returned BadRequest: {"error":{"code":400,"message":"Parameter 'lon' must be a number."}}
[2025-08-31 13:29:22] [WARNING] Using fallback location data for 40,7128, -74,0060. Reason: Nominatim API error
[2025-08-31 13:31:02] [ERROR] Unexpected error processing year 2024
Exception: TaskCanceledException: The request was canceled due to the configured HttpClient.Timeout of 100 seconds elapsing.
Stack Trace:    at System.Net.Http.HttpClient.HandleFailure(Exception e, Boolean telemetryStarted, HttpResponseMessage response, CancellationTokenSource cts, CancellationToken cancellationToken, CancellationTokenSource pendingRequestsCts)
   at System.Net.Http.HttpClient.<SendAsync>g__Core|83_0(HttpRequestMessage request, HttpCompletionOption completionOption, CancellationTokenSource cts, Boolean disposeCts, CancellationTokenSource pendingRequestsCts, CancellationToken originalCancellationToken)
   at HistoricWeatherData.Core.Services.Implementations.OpenMeteoWeatherService.GetWeatherDataForYearAsync(Double latitude, Double longitude, DateTime startDate, DateTime endDate, Int32 year, LocationData locationData) in C:\Users\Dean Kruger\source\repos\deanable\Historic Weather Data\HistoricWeatherData.Core\Services\Implementations\OpenMeteoWeatherService.cs:line 161
[2025-08-31 13:31:02] [WARNING] Year 2024: No data returned
[2025-08-31 13:32:42] [ERROR] Unexpected error processing year 2025
Exception: TaskCanceledException: The request was canceled due to the configured HttpClient.Timeout of 100 seconds elapsing.
Stack Trace:    at System.Net.Http.HttpClient.HandleFailure(Exception e, Boolean telemetryStarted, HttpResponseMessage response, CancellationTokenSource cts, CancellationToken cancellationToken, CancellationTokenSource pendingRequestsCts)
   at System.Net.Http.HttpClient.<SendAsync>g__Core|83_0(HttpRequestMessage request, HttpCompletionOption completionOption, CancellationTokenSource cts, Boolean disposeCts, CancellationTokenSource pendingRequestsCts, CancellationToken originalCancellationToken)
   at HistoricWeatherData.Core.Services.Implementations.OpenMeteoWeatherService.GetWeatherDataForYearAsync(Double latitude, Double longitude, DateTime startDate, DateTime endDate, Int32 year, LocationData locationData) in C:\Users\Dean Kruger\source\repos\deanable\Historic Weather Data\HistoricWeatherData.Core\Services\Implementations\OpenMeteoWeatherService.cs:line 161
[2025-08-31 13:32:42] [WARNING] Year 2025: No data returned
[2025-08-31 13:34:27] [ERROR] NominatimReverseGeocoding API Error Response:
{"error":{"code":400,"message":"Parameter 'lon' must be a number."}}
[2025-08-31 13:34:27] [ERROR] Nominatim API returned BadRequest: {"error":{"code":400,"message":"Parameter 'lon' must be a number."}}
[2025-08-31 13:34:27] [WARNING] Using fallback location data for 40,7128, -74,0060. Reason: Nominatim API error
[2025-08-31 13:36:07] [ERROR] Unexpected error processing year 2024
Exception: TaskCanceledException: The request was canceled due to the configured HttpClient.Timeout of 100 seconds elapsing.
Stack Trace:    at System.Net.Http.HttpClient.HandleFailure(Exception e, Boolean telemetryStarted, HttpResponseMessage response, CancellationTokenSource cts, CancellationToken cancellationToken, CancellationTokenSource pendingRequestsCts)
   at System.Net.Http.HttpClient.<SendAsync>g__Core|83_0(HttpRequestMessage request, HttpCompletionOption completionOption, CancellationTokenSource cts, Boolean disposeCts, CancellationTokenSource pendingRequestsCts, CancellationToken originalCancellationToken)
   at HistoricWeatherData.Core.Services.Implementations.OpenMeteoWeatherService.GetWeatherDataForYearAsync(Double latitude, Double longitude, DateTime startDate, DateTime endDate, Int32 year, LocationData locationData) in C:\Users\Dean Kruger\source\repos\deanable\Historic Weather Data\HistoricWeatherData.Core\Services\Implementations\OpenMeteoWeatherService.cs:line 161
[2025-08-31 13:36:07] [WARNING] Year 2024: No data returned
[2025-08-31 13:37:47] [ERROR] Unexpected error processing year 2025
Exception: TaskCanceledException: The request was canceled due to the configured HttpClient.Timeout of 100 seconds elapsing.
Stack Trace:    at System.Net.Http.HttpClient.HandleFailure(Exception e, Boolean telemetryStarted, HttpResponseMessage response, CancellationTokenSource cts, CancellationToken cancellationToken, CancellationTokenSource pendingRequestsCts)
   at System.Net.Http.HttpClient.<SendAsync>g__Core|83_0(HttpRequestMessage request, HttpCompletionOption completionOption, CancellationTokenSource cts, Boolean disposeCts, CancellationTokenSource pendingRequestsCts, CancellationToken originalCancellationToken)
   at HistoricWeatherData.Core.Services.Implementations.OpenMeteoWeatherService.GetWeatherDataForYearAsync(Double latitude, Double longitude, DateTime startDate, DateTime endDate, Int32 year, LocationData locationData) in C:\Users\Dean Kruger\source\repos\deanable\Historic Weather Data\HistoricWeatherData.Core\Services\Implementations\OpenMeteoWeatherService.cs:line 161
[2025-08-31 13:37:47] [WARNING] Year 2025: No data returned
