=== Historic Weather Data Log Started: 2025/08/29 12:39:29 ===
=== Historic Weather Data Log Started: 2025/08/29 12:39:29 ===
[2025-08-29 12:39:45] [INFO] Starting weather data request for location (40,7128, -74,0060) - 1 years back
[2025-08-29 12:39:45] [DEBUG] [API REQUEST] NominatimReverseGeocoding - https://nominatim.openstreetmap.org/reverse?format=json&lat=40,7128&lon=-74,006&zoom=10&addressdetails=1 | Params: lat=40,7128, lon=-74,006, zoom=10, format=json, addressdetails=1
[2025-08-29 12:39:46] [DEBUG] [API RESPONSE] NominatimReverseGeocoding - Status: 403 (Forbidden) | Duration: 786ms | Content Length: 941 chars
[2025-08-29 12:39:46] [WARNING] Using fallback location data for 40,7128, -74,0060. Reason: Nominatim API error
[2025-08-29 12:39:46] [INFO] Fetching weather data for years 2024-2025, date range 2025-08-17 to 2025-08-18
[2025-08-29 12:39:46] [DEBUG] [API REQUEST] OpenMeteo-Year2024 - https://archive-api.open-meteo.com/v1/archive?latitude=40,7128&longitude=-74,006&start_date=2024-08-17&end_date=2024-08-18&daily=temperature_2m_max,temperature_2m_min,precipitation_sum&timezone=auto | Params: latitude=40,7128, longitude=-74,006, start_date=2024-08-17, end_date=2024-08-18, daily=temperature_2m_max,temperature_2m_min,precipitation_sum, timezone=auto
[2025-08-29 12:39:47] [DEBUG] [API RESPONSE] OpenMeteo-Year2024 - Status: 400 (Bad Request) | Duration: 899ms | Content Length: 81 chars
[2025-08-29 12:39:47] [WARNING] Year 2024: No data returned
[2025-08-29 12:39:47] [DEBUG] [API REQUEST] OpenMeteo-Year2025 - https://archive-api.open-meteo.com/v1/archive?latitude=40,7128&longitude=-74,006&start_date=2025-08-17&end_date=2025-08-18&daily=temperature_2m_max,temperature_2m_min,precipitation_sum&timezone=auto | Params: latitude=40,7128, longitude=-74,006, start_date=2025-08-17, end_date=2025-08-18, daily=temperature_2m_max,temperature_2m_min,precipitation_sum, timezone=auto
[2025-08-29 12:39:47] [DEBUG] [API RESPONSE] OpenMeteo-Year2025 - Status: 400 (Bad Request) | Duration: 185ms | Content Length: 81 chars
[2025-08-29 12:39:47] [WARNING] Year 2025: No data returned
[2025-08-29 12:39:47] [INFO] Completed weather data request: 0 total records from 0 years, 2 failed years: 2024, 2025
[2025-08-29 12:39:52] [INFO] Starting weather data request for location (40,7128, -74,0060) - 1 years back
[2025-08-29 12:39:52] [DEBUG] [API REQUEST] NominatimReverseGeocoding - https://nominatim.openstreetmap.org/reverse?format=json&lat=40,7128&lon=-74,006&zoom=10&addressdetails=1 | Params: lat=40,7128, lon=-74,006, zoom=10, format=json, addressdetails=1
[2025-08-29 12:39:52] [DEBUG] [API RESPONSE] NominatimReverseGeocoding - Status: 403 (Forbidden) | Duration: 174ms | Content Length: 941 chars
[2025-08-29 12:39:52] [WARNING] Using fallback location data for 40,7128, -74,0060. Reason: Nominatim API error
[2025-08-29 12:39:52] [INFO] Fetching weather data for years 2024-2025, date range 2025-08-17 to 2025-08-18
[2025-08-29 12:39:52] [DEBUG] [API REQUEST] OpenMeteo-Year2024 - https://archive-api.open-meteo.com/v1/archive?latitude=40,7128&longitude=-74,006&start_date=2024-08-17&end_date=2024-08-18&daily=temperature_2m_max,temperature_2m_min,precipitation_sum&timezone=auto | Params: latitude=40,7128, longitude=-74,006, start_date=2024-08-17, end_date=2024-08-18, daily=temperature_2m_max,temperature_2m_min,precipitation_sum, timezone=auto
[2025-08-29 12:39:52] [DEBUG] [API RESPONSE] OpenMeteo-Year2024 - Status: 400 (Bad Request) | Duration: 394ms | Content Length: 81 chars
[2025-08-29 12:39:52] [WARNING] Year 2024: No data returned
[2025-08-29 12:39:52] [DEBUG] [API REQUEST] OpenMeteo-Year2025 - https://archive-api.open-meteo.com/v1/archive?latitude=40,7128&longitude=-74,006&start_date=2025-08-17&end_date=2025-08-18&daily=temperature_2m_max,temperature_2m_min,precipitation_sum&timezone=auto | Params: latitude=40,7128, longitude=-74,006, start_date=2025-08-17, end_date=2025-08-18, daily=temperature_2m_max,temperature_2m_min,precipitation_sum, timezone=auto
[2025-08-29 12:39:53] [DEBUG] [API RESPONSE] OpenMeteo-Year2025 - Status: 400 (Bad Request) | Duration: 580ms | Content Length: 81 chars
[2025-08-29 12:39:53] [WARNING] Year 2025: No data returned
[2025-08-29 12:39:53] [INFO] Completed weather data request: 0 total records from 0 years, 2 failed years: 2024, 2025
=== Historic Weather Data Log Started: 2025/08/29 12:47:24 ===
=== Historic Weather Data Log Started: 2025/08/29 12:47:24 ===
[2025-08-29 12:47:32] [INFO] Starting weather data request for location (40,7128, -74,0060) - 1 years back
[2025-08-29 12:47:32] [DEBUG] [API REQUEST] NominatimReverseGeocoding - https://nominatim.openstreetmap.org/reverse?format=json&lat=40,7128&lon=-74,006&zoom=10&addressdetails=1 | Params: lat=40,7128, lon=-74,006, zoom=10, format=json, addressdetails=1
[2025-08-29 12:47:33] [DEBUG] [API RESPONSE] NominatimReverseGeocoding - Status: 400 (Bad Request) | Duration: 850ms | Content Length: 68 chars
[2025-08-29 12:47:33] [WARNING] Using fallback location data for 40,7128, -74,0060. Reason: Nominatim API error
[2025-08-29 12:47:33] [INFO] Fetching weather data for years 2024-2025, date range 2025-08-10 to 2025-08-11
[2025-08-29 12:47:33] [DEBUG] [API REQUEST] OpenMeteo-Year2024 - https://archive-api.open-meteo.com/v1/archive?latitude=40.712800&longitude=-74.006000&start_date=2024-08-10&end_date=2024-08-11&daily=temperature_2m_max,temperature_2m_min,precipitation_sum&timezone=auto | Params: latitude=40.712800, longitude=-74.006000, start_date=2024-08-10, end_date=2024-08-11, daily=temperature_2m_max,temperature_2m_min,precipitation_sum, timezone=auto
[2025-08-29 12:47:34] [DEBUG] [API RESPONSE] OpenMeteo-Year2024 - Status: 200 (OK) | Duration: 1109ms | Content Length: 443 chars
[2025-08-29 12:47:34] [DEBUG] Year 2024: Successfully parsed 2 weather records
[2025-08-29 12:47:34] [DEBUG] Year 2024: Retrieved 2 weather records
[2025-08-29 12:47:34] [DEBUG] [API REQUEST] OpenMeteo-Year2025 - https://archive-api.open-meteo.com/v1/archive?latitude=40.712800&longitude=-74.006000&start_date=2025-08-10&end_date=2025-08-11&daily=temperature_2m_max,temperature_2m_min,precipitation_sum&timezone=auto | Params: latitude=40.712800, longitude=-74.006000, start_date=2025-08-10, end_date=2025-08-11, daily=temperature_2m_max,temperature_2m_min,precipitation_sum, timezone=auto
[2025-08-29 12:47:34] [DEBUG] [API RESPONSE] OpenMeteo-Year2025 - Status: 200 (OK) | Duration: 191ms | Content Length: 443 chars
[2025-08-29 12:47:34] [DEBUG] Year 2025: Successfully parsed 2 weather records
[2025-08-29 12:47:34] [DEBUG] Year 2025: Retrieved 2 weather records
[2025-08-29 12:47:34] [INFO] Completed weather data request: 4 total records from 2 years
[2025-08-29 12:47:59] [INFO] Starting weather data request for location (40,7128, -74,0060) - 1 years back
[2025-08-29 12:47:59] [DEBUG] [API REQUEST] NominatimReverseGeocoding - https://nominatim.openstreetmap.org/reverse?format=json&lat=40,7128&lon=-74,006&zoom=10&addressdetails=1 | Params: lat=40,7128, lon=-74,006, zoom=10, format=json, addressdetails=1
[2025-08-29 12:47:59] [DEBUG] [API RESPONSE] NominatimReverseGeocoding - Status: 400 (Bad Request) | Duration: 737ms | Content Length: 68 chars
[2025-08-29 12:47:59] [WARNING] Using fallback location data for 40,7128, -74,0060. Reason: Nominatim API error
[2025-08-29 12:47:59] [INFO] Fetching weather data for years 2024-2025, date range 2025-08-03 to 2025-08-04
[2025-08-29 12:47:59] [DEBUG] [API REQUEST] OpenMeteo-Year2024 - https://archive-api.open-meteo.com/v1/archive?latitude=40.712800&longitude=-74.006000&start_date=2024-08-03&end_date=2024-08-04&daily=temperature_2m_max,temperature_2m_min,precipitation_sum&timezone=auto | Params: latitude=40.712800, longitude=-74.006000, start_date=2024-08-03, end_date=2024-08-04, daily=temperature_2m_max,temperature_2m_min,precipitation_sum, timezone=auto
[2025-08-29 12:48:00] [DEBUG] [API RESPONSE] OpenMeteo-Year2024 - Status: 200 (OK) | Duration: 402ms | Content Length: 445 chars
[2025-08-29 12:48:00] [DEBUG] Year 2024: Successfully parsed 2 weather records
[2025-08-29 12:48:00] [DEBUG] Year 2024: Retrieved 2 weather records
[2025-08-29 12:48:00] [DEBUG] [API REQUEST] OpenMeteo-Year2025 - https://archive-api.open-meteo.com/v1/archive?latitude=40.712800&longitude=-74.006000&start_date=2025-08-03&end_date=2025-08-04&daily=temperature_2m_max,temperature_2m_min,precipitation_sum&timezone=auto | Params: latitude=40.712800, longitude=-74.006000, start_date=2025-08-03, end_date=2025-08-04, daily=temperature_2m_max,temperature_2m_min,precipitation_sum, timezone=auto
[2025-08-29 12:48:00] [DEBUG] [API RESPONSE] OpenMeteo-Year2025 - Status: 200 (OK) | Duration: 191ms | Content Length: 444 chars
[2025-08-29 12:48:00] [DEBUG] Year 2025: Successfully parsed 2 weather records
[2025-08-29 12:48:00] [DEBUG] Year 2025: Retrieved 2 weather records
[2025-08-29 12:48:00] [INFO] Completed weather data request: 4 total records from 2 years
=== Historic Weather Data Log Started: 2025/08/29 13:10:01 ===
=== Historic Weather Data Log Started: 2025/08/29 13:10:01 ===
[2025-08-29 13:10:35] [INFO] Starting weather data request for location (40,7128, -74,0060) - 1 years back
[2025-08-29 13:10:35] [DEBUG] [API REQUEST] NominatimReverseGeocoding - https://nominatim.openstreetmap.org/reverse?format=json&lat=40,7128&lon=-74,006&zoom=10&addressdetails=1 | Params: lat=40,7128, lon=-74,006, zoom=10, format=json, addressdetails=1
[2025-08-29 13:10:36] [DEBUG] [API RESPONSE] NominatimReverseGeocoding - Status: 400 (Bad Request) | Duration: 876ms | Content Length: 68 chars
[2025-08-29 13:10:36] [WARNING] Using fallback location data for 40,7128, -74,0060. Reason: Nominatim API error
[2025-08-29 13:10:36] [INFO] Fetching weather data for years 2024-2025, date range 2019-01-01 to 2019-01-02
[2025-08-29 13:10:36] [DEBUG] [API REQUEST] OpenMeteo-Year2024 - https://archive-api.open-meteo.com/v1/archive?latitude=40.712800&longitude=-74.006000&start_date=2024-01-01&end_date=2024-01-02&daily=temperature_2m_max,temperature_2m_min,precipitation_sum&timezone=auto | Params: latitude=40.712800, longitude=-74.006000, start_date=2024-01-01, end_date=2024-01-02, daily=temperature_2m_max,temperature_2m_min,precipitation_sum, timezone=auto
[2025-08-29 13:10:37] [DEBUG] [API RESPONSE] OpenMeteo-Year2024 - Status: 200 (OK) | Duration: 973ms | Content Length: 440 chars
[2025-08-29 13:10:37] [DEBUG] Year 2024: Successfully parsed 2 weather records
[2025-08-29 13:10:37] [DEBUG] Year 2024: Retrieved 2 weather records
[2025-08-29 13:10:37] [DEBUG] [API REQUEST] OpenMeteo-Year2025 - https://archive-api.open-meteo.com/v1/archive?latitude=40.712800&longitude=-74.006000&start_date=2025-01-01&end_date=2025-01-02&daily=temperature_2m_max,temperature_2m_min,precipitation_sum&timezone=auto | Params: latitude=40.712800, longitude=-74.006000, start_date=2025-01-01, end_date=2025-01-02, daily=temperature_2m_max,temperature_2m_min,precipitation_sum, timezone=auto
[2025-08-29 13:10:37] [DEBUG] [API RESPONSE] OpenMeteo-Year2025 - Status: 200 (OK) | Duration: 190ms | Content Length: 440 chars
[2025-08-29 13:10:37] [DEBUG] Year 2025: Successfully parsed 2 weather records
[2025-08-29 13:10:37] [DEBUG] Year 2025: Retrieved 2 weather records
[2025-08-29 13:10:37] [INFO] Completed weather data request: 4 total records from 2 years
=== Historic Weather Data Log Started: 2025/08/29 13:11:52 ===
=== Historic Weather Data Log Started: 2025/08/29 13:11:52 ===
[2025-08-29 15:06:47] [INFO] Starting weather data request for location (40,7128, -74,0060) - 1 years back
[2025-08-29 15:06:47] [DEBUG] [API REQUEST] NominatimReverseGeocoding - https://nominatim.openstreetmap.org/reverse?format=json&lat=40,7128&lon=-74,006&zoom=10&addressdetails=1 | Params: lat=40,7128, lon=-74,006, zoom=10, format=json, addressdetails=1
[2025-08-29 15:06:48] [DEBUG] [API RESPONSE] NominatimReverseGeocoding - Status: 400 (Bad Request) | Duration: 1890ms | Content Length: 68 chars
[2025-08-29 15:06:48] [WARNING] Using fallback location data for 40,7128, -74,0060. Reason: Nominatim API error
[2025-08-29 15:06:48] [INFO] Fetching weather data for years 2024-2025, date range 2025-08-03 to 2025-08-04
[2025-08-29 15:06:48] [DEBUG] [API REQUEST] OpenMeteo-Year2024 - https://archive-api.open-meteo.com/v1/archive?latitude=40.712800&longitude=-74.006000&start_date=2024-08-03&end_date=2024-08-04&daily=temperature_2m_max,temperature_2m_min,precipitation_sum&timezone=auto | Params: latitude=40.712800, longitude=-74.006000, start_date=2024-08-03, end_date=2024-08-04, daily=temperature_2m_max,temperature_2m_min,precipitation_sum, timezone=auto
[2025-08-29 15:06:49] [DEBUG] [API RESPONSE] OpenMeteo-Year2024 - Status: 200 (OK) | Duration: 940ms | Content Length: 446 chars
[2025-08-29 15:06:50] [DEBUG] Year 2024: Successfully parsed 2 weather records
[2025-08-29 15:06:50] [DEBUG] Year 2024: Retrieved 2 weather records
[2025-08-29 15:06:50] [DEBUG] [API REQUEST] OpenMeteo-Year2025 - https://archive-api.open-meteo.com/v1/archive?latitude=40.712800&longitude=-74.006000&start_date=2025-08-03&end_date=2025-08-04&daily=temperature_2m_max,temperature_2m_min,precipitation_sum&timezone=auto | Params: latitude=40.712800, longitude=-74.006000, start_date=2025-08-03, end_date=2025-08-04, daily=temperature_2m_max,temperature_2m_min,precipitation_sum, timezone=auto
[2025-08-29 15:06:50] [DEBUG] [API RESPONSE] OpenMeteo-Year2025 - Status: 200 (OK) | Duration: 390ms | Content Length: 443 chars
[2025-08-29 15:06:50] [DEBUG] Year 2025: Successfully parsed 2 weather records
[2025-08-29 15:06:50] [DEBUG] Year 2025: Retrieved 2 weather records
[2025-08-29 15:06:50] [INFO] Completed weather data request: 4 total records from 2 years
=== Historic Weather Data Log Started: 2025/08/29 15:08:58 ===
=== Historic Weather Data Log Started: 2025/08/29 15:08:58 ===
[2025-08-29 15:09:08] [INFO] Starting weather data request for location (40,7128, -74,0060) - 1 years back
[2025-08-29 15:09:08] [DEBUG] [API REQUEST] NominatimReverseGeocoding - https://nominatim.openstreetmap.org/reverse?format=json&lat=40,7128&lon=-74,006&zoom=10&addressdetails=1 | Params: lat=40,7128, lon=-74,006, zoom=10, format=json, addressdetails=1
[2025-08-29 15:09:09] [DEBUG] [API RESPONSE] NominatimReverseGeocoding - Status: 400 (Bad Request) | Duration: 835ms | Content Length: 68 chars
[2025-08-29 15:09:09] [WARNING] Using fallback location data for 40,7128, -74,0060. Reason: Nominatim API error
[2025-08-29 15:09:09] [INFO] Fetching weather data for years 2024-2025, date range 2025-08-22 to 2025-08-23
[2025-08-29 15:09:09] [DEBUG] [API REQUEST] OpenMeteo-Year2024 - https://archive-api.open-meteo.com/v1/archive?latitude=40.712800&longitude=-74.006000&start_date=2024-08-22&end_date=2024-08-23&daily=temperature_2m_max,temperature_2m_min,precipitation_sum&timezone=auto | Params: latitude=40.712800, longitude=-74.006000, start_date=2024-08-22, end_date=2024-08-23, daily=temperature_2m_max,temperature_2m_min,precipitation_sum, timezone=auto
[2025-08-29 15:09:10] [DEBUG] [API RESPONSE] OpenMeteo-Year2024 - Status: 200 (OK) | Duration: 940ms | Content Length: 444 chars
[2025-08-29 15:09:10] [DEBUG] Year 2024: Successfully parsed 2 weather records
[2025-08-29 15:09:10] [DEBUG] Year 2024: Retrieved 2 weather records
[2025-08-29 15:09:10] [DEBUG] [API REQUEST] OpenMeteo-Year2025 - https://archive-api.open-meteo.com/v1/archive?latitude=40.712800&longitude=-74.006000&start_date=2025-08-22&end_date=2025-08-23&daily=temperature_2m_max,temperature_2m_min,precipitation_sum&timezone=auto | Params: latitude=40.712800, longitude=-74.006000, start_date=2025-08-22, end_date=2025-08-23, daily=temperature_2m_max,temperature_2m_min,precipitation_sum, timezone=auto
[2025-08-29 15:09:10] [DEBUG] [API RESPONSE] OpenMeteo-Year2025 - Status: 200 (OK) | Duration: 187ms | Content Length: 444 chars
[2025-08-29 15:09:10] [DEBUG] Year 2025: Successfully parsed 2 weather records
[2025-08-29 15:09:10] [DEBUG] Year 2025: Retrieved 2 weather records
[2025-08-29 15:09:10] [INFO] Completed weather data request: 4 total records from 2 years
[2025-08-29 15:09:35] [INFO] Starting weather data request for location (40,7128, -74,0060) - 1 years back
[2025-08-29 15:09:35] [DEBUG] [API REQUEST] NominatimReverseGeocoding - https://nominatim.openstreetmap.org/reverse?format=json&lat=40,7128&lon=-74,006&zoom=10&addressdetails=1 | Params: lat=40,7128, lon=-74,006, zoom=10, format=json, addressdetails=1
[2025-08-29 15:09:35] [DEBUG] [API RESPONSE] NominatimReverseGeocoding - Status: 400 (Bad Request) | Duration: 695ms | Content Length: 68 chars
[2025-08-29 15:09:35] [WARNING] Using fallback location data for 40,7128, -74,0060. Reason: Nominatim API error
[2025-08-29 15:09:35] [INFO] Fetching weather data for years 2024-2025, date range 2025-08-15 to 2025-08-29
[2025-08-29 15:09:35] [DEBUG] [API REQUEST] OpenMeteo-Year2024 - https://archive-api.open-meteo.com/v1/archive?latitude=40.712800&longitude=-74.006000&start_date=2024-08-15&end_date=2024-08-29&daily=temperature_2m_max,temperature_2m_min,precipitation_sum&timezone=auto | Params: latitude=40.712800, longitude=-74.006000, start_date=2024-08-15, end_date=2024-08-29, daily=temperature_2m_max,temperature_2m_min,precipitation_sum, timezone=auto
[2025-08-29 15:09:36] [DEBUG] [API RESPONSE] OpenMeteo-Year2024 - Status: 200 (OK) | Duration: 188ms | Content Length: 810 chars
[2025-08-29 15:09:36] [DEBUG] Year 2024: Successfully parsed 15 weather records
[2025-08-29 15:09:36] [DEBUG] Year 2024: Retrieved 15 weather records
[2025-08-29 15:09:36] [DEBUG] [API REQUEST] OpenMeteo-Year2025 - https://archive-api.open-meteo.com/v1/archive?latitude=40.712800&longitude=-74.006000&start_date=2025-08-15&end_date=2025-08-29&daily=temperature_2m_max,temperature_2m_min,precipitation_sum&timezone=auto | Params: latitude=40.712800, longitude=-74.006000, start_date=2025-08-15, end_date=2025-08-29, daily=temperature_2m_max,temperature_2m_min,precipitation_sum, timezone=auto
[2025-08-29 15:09:36] [DEBUG] [API RESPONSE] OpenMeteo-Year2025 - Status: 200 (OK) | Duration: 186ms | Content Length: 807 chars
[2025-08-29 15:09:36] [WARNING] Year 2025: No data returned
[2025-08-29 15:09:36] [INFO] Completed weather data request: 15 total records from 1 years, 1 failed years: 2025
=== Historic Weather Data Log Started: 2025/08/29 19:31:14 ===
=== Historic Weather Data Log Started: 2025/08/29 19:31:14 ===
[2025-08-29 19:32:26] [INFO] Starting weather data request for location (40,7128, -74,0060) - 1 years back
[2025-08-29 19:32:26] [DEBUG] [API REQUEST] NominatimReverseGeocoding - https://nominatim.openstreetmap.org/reverse?format=json&lat=40,7128&lon=-74,006&zoom=10&addressdetails=1 | Params: lat=40,7128, lon=-74,006, zoom=10, format=json, addressdetails=1
[2025-08-29 19:32:28] [DEBUG] [API RESPONSE] NominatimReverseGeocoding - Status: 400 (Bad Request) | Duration: 1407ms | Content Length: 68 chars
[2025-08-29 19:32:28] [WARNING] Using fallback location data for 40,7128, -74,0060. Reason: Nominatim API error
[2025-08-29 19:32:28] [INFO] Fetching weather data for years 2024-2025, date range 2025-08-10 to 2025-08-11
[2025-08-29 19:32:28] [DEBUG] [API REQUEST] OpenMeteo-Year2024 - https://archive-api.open-meteo.com/v1/archive?latitude=40.712800&longitude=-74.006000&start_date=2024-08-10&end_date=2024-08-11&daily=temperature_2m_max,temperature_2m_min,precipitation_sum&timezone=auto | Params: latitude=40.712800, longitude=-74.006000, start_date=2024-08-10, end_date=2024-08-11, daily=temperature_2m_max,temperature_2m_min,precipitation_sum, timezone=auto
[2025-08-29 19:34:08] [WARNING] Year 2024: No data returned
[2025-08-29 19:34:08] [DEBUG] [API REQUEST] OpenMeteo-Year2025 - https://archive-api.open-meteo.com/v1/archive?latitude=40.712800&longitude=-74.006000&start_date=2025-08-10&end_date=2025-08-11&daily=temperature_2m_max,temperature_2m_min,precipitation_sum&timezone=auto | Params: latitude=40.712800, longitude=-74.006000, start_date=2025-08-10, end_date=2025-08-11, daily=temperature_2m_max,temperature_2m_min,precipitation_sum, timezone=auto
[2025-08-29 19:35:48] [WARNING] Year 2025: No data returned
[2025-08-29 19:35:48] [INFO] Completed weather data request: 0 total records from 0 years, 2 failed years: 2024, 2025
